Line 774: Class XtremeSuiteControls.GroupBox of control GroupBox26 was not a loaded control class.
Line 787: Class XtremeSuiteControls.FlatEdit of control up1 was not a loaded control class.
Line 800: Class XtremeSuiteControls.FlatEdit of control up2 was not a loaded control class.
Line 813: Class XtremeSuiteControls.FlatEdit of control up3 was not a loaded control class.
Line 826: Class XtremeSuiteControls.FlatEdit of control up4 was not a loaded control class.
Line 839: Class XtremeSuiteControls.FlatEdit of control up5 was not a loaded control class.
Line 852: Class XtremeSuiteControls.FlatEdit of control up6 was not a loaded control class.
Line 865: Class XtremeSuiteControls.FlatEdit of control up7 was not a loaded control class.
Line 1064: Class XtremeSuiteControls.TabControl of control TabControl1 was not a loaded control class.
Line 1106: Class XtremeSuiteControls.CheckBox of control C was not a loaded control class.
Line 1121: Class XtremeSuiteControls.CheckBox of control C was not a loaded control class.
Line 1136: Class XtremeSuiteControls.CheckBox of control C was not a loaded control class.
Line 1151: Class XtremeSuiteControls.CheckBox of control C was not a loaded control class.
Line 1166: Class XtremeSuiteControls.CheckBox of control C was not a loaded control class.
Line 1181: Class XtremeSuiteControls.CheckBox of control C was not a loaded control class.
Line 1266: Class XtremeSuiteControls.CheckBox of control C was not a loaded control class.
Line 1281: Class XtremeSuiteControls.CheckBox of control C was not a loaded control class.
Line 1296: Class XtremeSuiteControls.CheckBox of control C was not a loaded control class.
Line 1311: Class XtremeSuiteControls.CheckBox of control C was not a loaded control class.
Line 1326: Class XtremeSuiteControls.CheckBox of control C was not a loaded control class.
Line 1341: Class XtremeSuiteControls.CheckBox of control C was not a loaded control class.
Line 1356: Class XtremeSuiteControls.CheckBox of control C was not a loaded control class.
Line 1371: Class XtremeSuiteControls.CheckBox of control C was not a loaded control class.
Line 1386: Class XtremeSuiteControls.CheckBox of control C was not a loaded control class.
Line 1401: Class XtremeSuiteControls.CheckBox of control C was not a loaded control class.
Line 1416: Class XtremeSuiteControls.CheckBox of control C was not a loaded control class.
Line 1431: Class XtremeSuiteControls.CheckBox of control C was not a loaded control class.
Line 1446: Class XtremeSuiteControls.CheckBox of control C was not a loaded control class.
Line 1461: Class XtremeSuiteControls.CheckBox of control C was not a loaded control class.
Line 1476: Class XtremeSuiteControls.CheckBox of control C was not a loaded control class.
Line 1491: Class XtremeSuiteControls.CheckBox of control C was not a loaded control class.
Line 1506: Class XtremeSuiteControls.CheckBox of control C was not a loaded control class.
Line 1521: Class XtremeSuiteControls.CheckBox of control C was not a loaded control class.
Line 1546: Class XtremeSuiteControls.RadioButton of control OP1 was not a loaded control class.
Line 1561: Class XtremeSuiteControls.RadioButton of control OP2 was not a loaded control class.
Line 1694: Class XtremeSuiteControls.PushButton of control PushButton33 was not a loaded control class.
Line 1707: Class XtremeSuiteControls.PushButton of control PushButton32 was not a loaded control class.
Line 1720: Class XtremeSuiteControls.PushButton of control PushButton31 was not a loaded control class.
Line 1733: Class XtremeSuiteControls.PushButton of control PushButton30 was not a loaded control class.
Line 1746: Class XtremeSuiteControls.ListBox of control List4 was not a loaded control class.
Line 1766: Class XtremeSuiteControls.PushButton of control PushButton29 was not a loaded control class.
Line 1779: Class XtremeSuiteControls.PushButton of control PushButton28 was not a loaded control class.
Line 1792: Class XtremeSuiteControls.PushButton of control PushButton27 was not a loaded control class.
Line 1805: Class XtremeSuiteControls.PushButton of control PushButton26 was not a loaded control class.
Line 1840: Class XtremeSuiteControls.GroupBox of control GroupBox2 was not a loaded control class.
Line 1852: Class XtremeSuiteControls.GroupBox of control GroupBox7 was not a loaded control class.
Line 1864: Class XtremeSuiteControls.FlatEdit of control pakettext was not a loaded control class.
Line 1877: Class XtremeSuiteControls.PushButton of control PushButton24 was not a loaded control class.
Line 1890: Class XtremeSuiteControls.PushButton of control PushButton23 was not a loaded control class.
Line 1903: Class XtremeSuiteControls.Label of control Label14 was not a loaded control class.
Line 1916: Class XtremeSuiteControls.GroupBox of control GroupBox6 was not a loaded control class.
Line 2014: Class XtremeSuiteControls.GroupBox of control GroupBox5 was not a loaded control class.
Line 2026: Class XtremeSuiteControls.PushButton of control PushButton22 was not a loaded control class.
Line 2039: Class XtremeSuiteControls.PushButton of control PushButton21 was not a loaded control class.
Line 2052: Class XtremeSuiteControls.PushButton of control PushButton20 was not a loaded control class.
Line 2065: Class XtremeSuiteControls.PushButton of control PushButton19 was not a loaded control class.
Line 2078: Class XtremeSuiteControls.PushButton of control PushButton18 was not a loaded control class.
Line 2091: Class XtremeSuiteControls.PushButton of control PushButton17 was not a loaded control class.
Line 2104: Class XtremeSuiteControls.PushButton of control PushButton16 was not a loaded control class.
Line 2117: Class XtremeSuiteControls.PushButton of control PushButton15 was not a loaded control class.
Line 2130: Class XtremeSuiteControls.PushButton of control PushButton14 was not a loaded control class.
Line 2143: Class XtremeSuiteControls.PushButton of control PushButton13 was not a loaded control class.
Line 2168: Class XtremeSuiteControls.GroupBox of control GroupBox4 was not a loaded control class.
Line 2190: Class XtremeSuiteControls.CheckBox of control Check8 was not a loaded control class.
Line 2220: Class XtremeSuiteControls.GroupBox of control GroupBox3 was not a loaded control class.
Line 2245: Class XtremeSuiteControls.CheckBox of control CheckBox7 was not a loaded control class.
Line 2258: Class XtremeSuiteControls.CheckBox of control CheckAuto was not a loaded control class.
Line 2271: Class XtremeSuiteControls.CheckBox of control CheckBox5 was not a loaded control class.
Line 2284: Class XtremeSuiteControls.CheckBox of control CheckBox4 was not a loaded control class.
Line 2297: Class XtremeSuiteControls.CheckBox of control CheckBox3 was not a loaded control class.
Line 2310: Class XtremeSuiteControls.CheckBox of control CheckBox2 was not a loaded control class.
Line 2323: Class XtremeSuiteControls.CheckBox of control CheckBox1 was not a loaded control class.
Line 2336: Class XtremeSuiteControls.PushButton of control PushButton25 was not a loaded control class.
Line 2350: Class XtremeSuiteControls.PushButton of control PushButton12 was not a loaded control class.
Line 2363: Class XtremeSuiteControls.PushButton of control PushButton11 was not a loaded control class.
Line 2383: Class XtremeSuiteControls.GroupBox of control GroupBox1 was not a loaded control class.
Line 2415: Class XtremeSuiteControls.Slider of control Slider2 was not a loaded control class.
Line 2426: Class XtremeSuiteControls.FlatEdit of control Text16 was not a loaded control class.
Line 2439: Class XtremeSuiteControls.FlatEdit of control Text17 was not a loaded control class.
Line 2452: Class XtremeSuiteControls.FlatEdit of control Text19 was not a loaded control class.
Line 2465: Class XtremeSuiteControls.FlatEdit of control Text18 was not a loaded control class.
Line 2478: Class XtremeSuiteControls.CheckBox of control Check12 was not a loaded control class.
Line 2491: Class XtremeSuiteControls.CheckBox of control Check13 was not a loaded control class.
Line 2504: Class XtremeSuiteControls.CheckBox of control Check15 was not a loaded control class.
Line 2517: Class XtremeSuiteControls.CheckBox of control Check14 was not a loaded control class.
Line 2641: Class XtremeSuiteControls.PushButton of control PushButton10 was not a loaded control class.
Line 2654: Class XtremeSuiteControls.PushButton of control PushButton9 was not a loaded control class.
Line 2667: Class XtremeSuiteControls.PushButton of control PushButton8 was not a loaded control class.
Line 2680: Class XtremeSuiteControls.PushButton of control PushButton7 was not a loaded control class.
Line 2693: Class XtremeSuiteControls.PushButton of control PushButton6 was not a loaded control class.
Line 2706: Class XtremeSuiteControls.PushButton of control PushButton5 was not a loaded control class.
Line 2719: Class XtremeSuiteControls.PushButton of control PushButton4 was not a loaded control class.
Line 2732: Class XtremeSuiteControls.PushButton of control PushButton3 was not a loaded control class.
Line 2745: Class XtremeSuiteControls.PushButton of control PushButton2 was not a loaded control class.
Line 2758: Class XtremeSuiteControls.PushButton of control PushButton1 was not a loaded control class.
Line 3046: Class XtremeSuiteControls.ListBox of control canta was not a loaded control class.
